2026-05-26T11:47:10.685987+00:00 WARN target_bp_id nicht aufresoelt: BP2016BW_ALLG_GYM_BNT_IK_5-6_02_00 (Relation: related_to, Knoten: BP2016BW_ALLG_GYM_CH_IK_8-9-10_01_01_01)
2026-05-26T11:47:10.686381+00:00 WARN target_bp_id nicht aufresoelt: BP2016BW_ALLG_GYM_BNT_IK_5-6_03_00 (Relation: related_to, Knoten: BP2016BW_ALLG_GYM_CH_IK_8-9-10_01_01_01)
2026-05-26T11:47:10.688389+00:00 WARN target_bp_id nicht aufresoelt: VB_07 (Relation: references, Knoten: BP2016BW_ALLG_GYM_CH_IK_8-9-10_01_01_03)
2026-05-26T11:47:10.688514+00:00 WARN target_bp_id nicht aufresoelt: PG_08 (Relation: references, Knoten: BP2016BW_ALLG_GYM_CH_IK_8-9-10_01_01_03)
2026-05-26T11:47:10.689829+00:00 WARN target_bp_id nicht aufresoelt: BP2016BW_ALLG_GYM_BNT_IK_5-6_02_00_02 (Relation: related_to, Knoten: BP2016BW_ALLG_GYM_CH_IK_8-9-10_01_01_04)
2026-05-26T11:47:10.690568+00:00 WARN target_bp_id nicht aufresoelt: BP2016BW_ALLG_GYM_BNT_IK_5-6_02_00 (Relation: related_to, Knoten: BP2016BW_ALLG_GYM_CH_IK_8-9-10_01_01_05)
2026-05-26T11:47:10.690683+00:00 WARN target_bp_id nicht aufresoelt: BP2016BW_ALLG_GYM_NWT_IK_8-9-10_03_04 (Relation: related_to, Knoten: BP2016BW_ALLG_GYM_CH_IK_8-9-10_01_01_05)
2026-05-26T11:47:10.691279+00:00 WARN target_bp_id nicht aufresoelt: VB_06 (Relation: references, Knoten: BP2016BW_ALLG_GYM_CH_IK_8-9-10_01_01_05)
2026-05-26T11:47:10.692173+00:00 WARN target_bp_id nicht aufresoelt: BP2016BW_ALLG_GYM_BNT_IK_5-6_02_00 (Relation: related_to, Knoten: BP2016BW_ALLG_GYM_CH_IK_8-9-10_01_01_06)
2026-05-26T11:47:10.693132+00:00 WARN target_bp_id nicht aufresoelt: VB_07 (Relation: references, Knoten: BP2016BW_ALLG_GYM_CH_IK_8-9-10_01_01_07)
2026-05-26T11:47:10.693602+00:00 WARN target_bp_id nicht aufresoelt: PG_08 (Relation: references, Knoten: BP2016BW_ALLG_GYM_CH_IK_8-9-10_01_01_07)
2026-05-26T11:47:10.695612+00:00 WARN target_bp_id nicht aufresoelt: VB_07 (Relation: references, Knoten: BP2016BW_ALLG_GYM_CH_IK_8-9-10_01_01_09)
2026-05-26T11:47:10.697087+00:00 WARN target_bp_id nicht aufresoelt: MB_05 (Relation: references, Knoten: BP2016BW_ALLG_GYM_CH_IK_8-9-10_01_01_10)
2026-05-26T11:47:10.699567+00:00 WARN target_bp_id nicht aufresoelt: BP2016BW_ALLG_GYM_NWT_IK_8-9-10_03_01 (Relation: related_to, Knoten: BP2016BW_ALLG_GYM_CH_IK_8-9-10_01_01_12)
2026-05-26T11:47:10.699693+00:00 WARN target_bp_id nicht aufresoelt: VB_07 (Relation: references, Knoten: BP2016BW_ALLG_GYM_CH_IK_8-9-10_01_01_12)
2026-05-26T11:47:10.700979+00:00 WARN target_bp_id nicht aufresoelt: PG_06 (Relation: references, Knoten: BP2016BW_ALLG_GYM_CH_IK_8-9-10_01_01_13)
2026-05-26T11:47:10.706867+00:00 WARN target_bp_id nicht aufresoelt: BP2016BW_ALLG_GYM_PH_IK_9-10_04_00_01 (Relation: related_to, Knoten: BP2016BW_ALLG_GYM_CH_IK_8-9-10_01_02_05)
2026-05-26T11:47:10.709001+00:00 WARN target_bp_id nicht aufresoelt: BP2016BW_ALLG_GYM_PH_IK_9-10_04_00_01 (Relation: related_to, Knoten: BP2016BW_ALLG_GYM_CH_IK_8-9-10_01_02_07)
2026-05-26T11:47:10.711817+00:00 WARN target_bp_id nicht aufresoelt: BP2016BW_ALLG_GYM_NWT_IK_8-9-10_03_01 (Relation: related_to, Knoten: BP2016BW_ALLG_GYM_CH_IK_8-9-10_01_03_01)
2026-05-26T11:47:10.712043+00:00 WARN target_bp_id nicht aufresoelt: BP2016BW_ALLG_GYM_PH_IK_7-8_05_00 (Relation: related_to, Knoten: BP2016BW_ALLG_GYM_CH_IK_8-9-10_01_03_01)
2026-05-26T11:47:10.713332+00:00 WARN target_bp_id nicht aufresoelt: BP2016BW_ALLG_GYM_NWT_IK_8-9-10_03_01 (Relation: related_to, Knoten: BP2016BW_ALLG_GYM_CH_IK_8-9-10_01_03_02)
2026-05-26T11:47:10.713558+00:00 WARN target_bp_id nicht aufresoelt: BP2016BW_ALLG_GYM_PH_IK_7-8_05_00 (Relation: related_to, Knoten: BP2016BW_ALLG_GYM_CH_IK_8-9-10_01_03_02)
2026-05-26T11:47:10.716703+00:00 WARN target_bp_id nicht aufresoelt: MB_05 (Relation: references, Knoten: BP2016BW_ALLG_GYM_CH_IK_8-9-10_01_03_05)
2026-05-26T11:47:10.720113+00:00 WARN target_bp_id nicht aufresoelt: BP2016BW_ALLG_GYM_BNT_IK_5-6_03_00 (Relation: related_to, Knoten: BP2016BW_ALLG_GYM_CH_IK_8-9-10_01_03_10)
2026-05-26T11:47:10.730223+00:00 WARN target_bp_id nicht aufresoelt: VB_07 (Relation: references, Knoten: BP2016BW_ALLG_GYM_CH_IK_8-9-10_02_01_10)
2026-05-26T11:47:10.731339+00:00 WARN target_bp_id nicht aufresoelt: BP2016BW_ALLG_GYM_BIO_IK_9-10_03_00_08 (Relation: related_to, Knoten: BP2016BW_ALLG_GYM_CH_IK_8-9-10_02_01_11)
2026-05-26T11:47:10.731450+00:00 WARN target_bp_id nicht aufresoelt: BP2016BW_ALLG_GYM_GEO_IK_7-8_02_03 (Relation: related_to, Knoten: BP2016BW_ALLG_GYM_CH_IK_8-9-10_02_01_11)
2026-05-26T11:47:10.731728+00:00 WARN target_bp_id nicht aufresoelt: BP2016BW_ALLG_GYM_NWT_IK_8-9-10_01_00_02 (Relation: related_to, Knoten: BP2016BW_ALLG_GYM_CH_IK_8-9-10_02_01_11)
2026-05-26T11:47:10.731838+00:00 WARN target_bp_id nicht aufresoelt: BP2016BW_ALLG_GYM_NWT_IK_8-9-10_03_04 (Relation: related_to, Knoten: BP2016BW_ALLG_GYM_CH_IK_8-9-10_02_01_11)
2026-05-26T11:47:10.739103+00:00 WARN target_bp_id nicht aufresoelt: BP2016BW_ALLG_GYM_M_IK_5-6_02_00_08 (Relation: related_to, Knoten: BP2016BW_ALLG_GYM_CH_IK_8-9-10_02_02_07)
2026-05-26T11:47:10.739223+00:00 WARN target_bp_id nicht aufresoelt: BP2016BW_ALLG_GYM_M_IK_7-8_01_00_10 (Relation: related_to, Knoten: BP2016BW_ALLG_GYM_CH_IK_8-9-10_02_02_07)
2026-05-26T11:47:10.739970+00:00 WARN target_bp_id nicht aufresoelt: BP2016BW_ALLG_GYM_BNT_IK_5-6_04_00 (Relation: related_to, Knoten: BP2016BW_ALLG_GYM_CH_IK_8-9-10_02_03_01)
2026-05-26T11:47:10.740189+00:00 WARN target_bp_id nicht aufresoelt: BP2016BW_ALLG_GYM_PH_IK_7-8_03_00 (Relation: related_to, Knoten: BP2016BW_ALLG_GYM_CH_IK_8-9-10_02_03_01)
2026-05-26T11:47:10.742617+00:00 WARN target_bp_id nicht aufresoelt: VB_07 (Relation: references, Knoten: BP2016BW_ALLG_GYM_CH_IK_8-9-10_02_03_04)
2026-05-26T11:47:10.743059+00:00 WARN target_bp_id nicht aufresoelt: BP2016BW_ALLG_GYM_NWT_IK_8-9-10_02_02_04 (Relation: related_to, Knoten: BP2016BW_ALLG_GYM_CH_IK_8-9-10_02_03_04)
2026-05-26T11:47:10.743183+00:00 WARN target_bp_id nicht aufresoelt: BP2016BW_ALLG_GYM_PH_IK_7-8_03_00_03 (Relation: related_to, Knoten: BP2016BW_ALLG_GYM_CH_IK_8-9-10_02_03_04)
2026-05-26T11:47:10.746654+00:00 WARN target_bp_id nicht aufresoelt: BP2016BW_ALLG_GYM_BNT_IK_5-6_04_00_07 (Relation: related_to, Knoten: BP2016BW_ALLG_GYM_CH_IK_8-9-10_02_03_07)
2026-05-26T11:47:10.746778+00:00 WARN target_bp_id nicht aufresoelt: PG_08 (Relation: references, Knoten: BP2016BW_ALLG_GYM_CH_IK_8-9-10_02_03_07)
2026-05-26T11:47:10.753515+00:00 WARN target_bp_id nicht aufresoelt: BNE_07 (Relation: references, Knoten: BP2016BW_ALLG_GYM_CH_IK_11-12-BF_01_07)
2026-05-26T11:47:10.756473+00:00 WARN target_bp_id nicht aufresoelt: MB_05 (Relation: references, Knoten: BP2016BW_ALLG_GYM_CH_IK_11-12-BF_02_02)
2026-05-26T11:47:10.757866+00:00 WARN target_bp_id nicht aufresoelt: BP2016BW_ALLG_GYM_BIO_IK_11-12-BF_02_00 (Relation: related_to, Knoten: BP2016BW_ALLG_GYM_CH_IK_11-12-BF_02_05)
2026-05-26T11:47:10.758476+00:00 WARN target_bp_id nicht aufresoelt: VB_07 (Relation: references, Knoten: BP2016BW_ALLG_GYM_CH_IK_11-12-BF_02_06)
2026-05-26T11:47:10.758771+00:00 WARN target_bp_id nicht aufresoelt: PG_05 (Relation: references, Knoten: BP2016BW_ALLG_GYM_CH_IK_11-12-BF_02_06)
2026-05-26T11:47:10.758896+00:00 WARN target_bp_id nicht aufresoelt: BP2016BW_ALLG_GYM_BIO_IK_11-12-BF_02_00_02 (Relation: related_to, Knoten: BP2016BW_ALLG_GYM_CH_IK_11-12-BF_02_06)
2026-05-26T11:47:10.761063+00:00 WARN target_bp_id nicht aufresoelt: VB_07 (Relation: references, Knoten: BP2016BW_ALLG_GYM_CH_IK_11-12-BF_03_04)
2026-05-26T11:47:10.761190+00:00 WARN target_bp_id nicht aufresoelt: BNE_04 (Relation: references, Knoten: BP2016BW_ALLG_GYM_CH_IK_11-12-BF_03_04)
2026-05-26T11:47:10.763139+00:00 WARN target_bp_id nicht aufresoelt: VB_07 (Relation: references, Knoten: BP2016BW_ALLG_GYM_CH_IK_11-12-BF_03_06)
2026-05-26T11:47:10.765511+00:00 WARN target_bp_id nicht aufresoelt: VB_07 (Relation: references, Knoten: BP2016BW_ALLG_GYM_CH_IK_11-12-BF_04_04)
2026-05-26T11:47:10.765623+00:00 WARN target_bp_id nicht aufresoelt: BNE_04 (Relation: references, Knoten: BP2016BW_ALLG_GYM_CH_IK_11-12-BF_04_04)
2026-05-26T11:47:10.766067+00:00 WARN target_bp_id nicht aufresoelt: BNE_04 (Relation: references, Knoten: BP2016BW_ALLG_GYM_CH_IK_11-12-BF_04_05)
2026-05-26T11:47:10.767021+00:00 WARN target_bp_id nicht aufresoelt: BNE_04 (Relation: references, Knoten: BP2016BW_ALLG_GYM_CH_IK_11-12-LF_01_02)
2026-05-26T11:47:10.790896+00:00 WARN target_bp_id nicht aufresoelt: VB_07 (Relation: references, Knoten: BP2016BW_ALLG_GYM_CH_IK_11-12-LF_04_08)
2026-05-26T11:47:10.792194+00:00 WARN target_bp_id nicht aufresoelt: BP2016BW_ALLG_GYM_BIO_IK_11-12-BF_06_00_05 (Relation: related_to, Knoten: BP2016BW_ALLG_GYM_CH_IK_11-12-LF_04_09)
2026-05-26T11:47:10.793303+00:00 WARN target_bp_id nicht aufresoelt: BP2016BW_ALLG_GYM_BIO_IK_11-12-LF_01_03 (Relation: related_to, Knoten: BP2016BW_ALLG_GYM_CH_IK_11-12-LF_04_12)
2026-05-26T11:47:10.793413+00:00 WARN target_bp_id nicht aufresoelt: VB_07 (Relation: references, Knoten: BP2016BW_ALLG_GYM_CH_IK_11-12-LF_04_12)
2026-05-26T11:47:10.793689+00:00 WARN target_bp_id nicht aufresoelt: PG_05 (Relation: references, Knoten: BP2016BW_ALLG_GYM_CH_IK_11-12-LF_04_12)
2026-05-26T11:47:10.795508+00:00 WARN target_bp_id nicht aufresoelt: BP2016BW_ALLG_GYM_BIO_IK_11-12-BF_02_00_03 (Relation: related_to, Knoten: BP2016BW_ALLG_GYM_CH_IK_11-12-LF_04_16)
2026-05-26T11:47:10.795622+00:00 WARN target_bp_id nicht aufresoelt: BP2016BW_ALLG_GYM_BIO_IK_11-12-LF_02_01_03 (Relation: related_to, Knoten: BP2016BW_ALLG_GYM_CH_IK_11-12-LF_04_16)
2026-05-26T11:47:10.797281+00:00 WARN target_bp_id nicht aufresoelt: PG_08 (Relation: references, Knoten: BP2016BW_ALLG_GYM_CH_IK_11-12-LF_05_02)
2026-05-26T11:47:10.799612+00:00 WARN target_bp_id nicht aufresoelt: VB_07 (Relation: references, Knoten: BP2016BW_ALLG_GYM_CH_IK_11-12-LF_05_04)
2026-05-26T11:47:10.804680+00:00 WARN target_bp_id nicht aufresoelt: BNE_04 (Relation: references, Knoten: BP2016BW_ALLG_GYM_CH_IK_11-12-LF_06_08)
2026-05-26T11:47:10.805245+00:00 WARN target_bp_id nicht aufresoelt: BNE_04 (Relation: references, Knoten: BP2016BW_ALLG_GYM_CH_IK_11-12-LF_06_09)
2026-05-26T11:47:10.810495+00:00 WARN target_bp_id nicht aufresoelt: VB_07 (Relation: references, Knoten: BP2016BW_ALLG_GYM_CH_IK_11-12-LF_07_12)
2026-05-26T11:47:10.810623+00:00 WARN target_bp_id nicht aufresoelt: PG_08 (Relation: references, Knoten: BP2016BW_ALLG_GYM_CH_IK_11-12-LF_07_12)
2026-05-26T11:47:10.811267+00:00 WARN target_bp_id nicht aufresoelt: VB_07 (Relation: references, Knoten: BP2016BW_ALLG_GYM_CH_IK_11-12-LF_07_13)
2026-05-26T11:47:10.811539+00:00 WARN target_bp_id nicht aufresoelt: BNE_04 (Relation: references, Knoten: BP2016BW_ALLG_GYM_CH_IK_11-12-LF_07_13)
2026-05-26T11:47:10.812690+00:00 WARN target_bp_id nicht aufresoelt: VB_07 (Relation: references, Knoten: BP2016BW_ALLG_GYM_CH_IK_11-12-LF_08_02)
2026-05-26T11:47:10.813306+00:00 WARN target_bp_id nicht aufresoelt: BNE_04 (Relation: references, Knoten: BP2016BW_ALLG_GYM_CH_IK_11-12-LF_08_02)
2026-05-26T11:47:10.818601+00:00 WARN target_bp_id nicht aufresoelt: BP2016BW_ALLG_GYM_M_IK_5-6_04_00_02 (Relation: related_to, Knoten: BP2016BW_ALLG_GYM_M_IK_5-6_01_22)
2026-05-26T11:47:10.818719+00:00 WARN target_bp_id nicht aufresoelt: BP2016BW_ALLG_GYM_M_IK_5-6_04_00_01 (Relation: related_to, Knoten: BP2016BW_ALLG_GYM_M_IK_5-6_01_22)
2026-05-26T11:47:10.819335+00:00 WARN target_bp_id nicht aufresoelt: BP2016BW_ALLG_GYM_M_IK_7-8_01_00_01 (Relation: related_to, Knoten: BP2016BW_ALLG_GYM_M_IK_5-6_01_25)
2026-05-26T11:47:10.821745+00:00 WARN target_bp_id nicht aufresoelt: BP2016BW_ALLG_GYM_M_IK_5-6_04_00_06 (Relation: related_to, Knoten: BP2016BW_ALLG_GYM_M_IK_5-6_02_09)
2026-05-26T11:47:10.822031+00:00 WARN target_bp_id nicht aufresoelt: BP2016BW_ALLG_GYM_M_IK_5-6_04_00_06 (Relation: related_to, Knoten: BP2016BW_ALLG_GYM_M_IK_5-6_02_10)
2026-05-26T11:47:10.822151+00:00 WARN target_bp_id nicht aufresoelt: BP2016BW_ALLG_GYM_M_IK_5-6_04_00_05 (Relation: related_to, Knoten: BP2016BW_ALLG_GYM_M_IK_5-6_02_10)
2026-05-26T11:47:10.823097+00:00 WARN target_bp_id nicht aufresoelt: BP2016BW_ALLG_GYM_M_IK_5-6_04_00_06 (Relation: related_to, Knoten: BP2016BW_ALLG_GYM_M_IK_5-6_02_13)
2026-05-26T11:47:10.824061+00:00 WARN target_bp_id nicht aufresoelt: BP2016BW_ALLG_GYM_M_IK_5-6_04_00_06 (Relation: related_to, Knoten: BP2016BW_ALLG_GYM_M_IK_5-6_02_15)
2026-05-26T11:47:10.824875+00:00 WARN target_bp_id nicht aufresoelt: BP2016BW_ALLG_GYM_M_IK_5-6_02_00_07 (Relation: related_to, Knoten: BP2016BW_ALLG_GYM_M_IK_5-6_03_03)
2026-05-26T11:47:10.829178+00:00 WARN target_bp_id nicht aufresoelt: BP2016BW_ALLG_GYM_M_IK_5-6_03_00_12 (Relation: related_to, Knoten: BP2016BW_ALLG_GYM_M_IK_5-6_04_03)
2026-05-26T11:47:10.829677+00:00 WARN target_bp_id nicht aufresoelt: VB_07 (Relation: references, Knoten: BP2016BW_ALLG_GYM_M_IK_5-6_04_05)
2026-05-26T11:47:10.829813+00:00 WARN target_bp_id nicht aufresoelt: BP2016BW_ALLG_GYM_M_IK_5-6_01_00_27 (Relation: related_to, Knoten: BP2016BW_ALLG_GYM_M_IK_5-6_04_05)
2026-05-26T11:47:10.830632+00:00 WARN target_bp_id nicht aufresoelt: BP2016BW_ALLG_GYM_GEO_IK_5-6_01_01_04 (Relation: related_to, Knoten: BP2016BW_ALLG_GYM_M_IK_5-6_04_07)
2026-05-26T11:47:10.831293+00:00 WARN target_bp_id nicht aufresoelt: BP2016BW_ALLG_GYM_M_IK_5-6_01_00_09 (Relation: related_to, Knoten: BP2016BW_ALLG_GYM_M_IK_5-6_05_02)
2026-05-26T11:47:10.831416+00:00 WARN target_bp_id nicht aufresoelt: BP2016BW_ALLG_GYM_M_IK_5-6_01_00_05 (Relation: related_to, Knoten: BP2016BW_ALLG_GYM_M_IK_5-6_05_02)
2026-05-26T11:47:10.831541+00:00 WARN target_bp_id nicht aufresoelt: BP2016BW_ALLG_GYM_M_IK_5-6_01_00_10 (Relation: related_to, Knoten: BP2016BW_ALLG_GYM_M_IK_5-6_05_02)
2026-05-26T11:47:10.831832+00:00 WARN target_bp_id nicht aufresoelt: MB_05 (Relation: references, Knoten: BP2016BW_ALLG_GYM_M_IK_5-6_05_03)
2026-05-26T11:47:10.833020+00:00 WARN target_bp_id nicht aufresoelt: VB_08 (Relation: references, Knoten: BP2016BW_ALLG_GYM_M_IK_5-6_05_08)
2026-05-26T11:47:10.833318+00:00 WARN target_bp_id nicht aufresoelt: BNE_05 (Relation: references, Knoten: BP2016BW_ALLG_GYM_M_IK_5-6_05_08)
2026-05-26T11:47:10.833812+00:00 WARN target_bp_id nicht aufresoelt: BP2016BW_ALLG_GYM_M_IK_5-6_04_00_04 (Relation: related_to, Knoten: BP2016BW_ALLG_GYM_M_IK_5-6_05_08)
2026-05-26T11:47:10.834545+00:00 WARN target_bp_id nicht aufresoelt: BP2016BW_ALLG_GYM_M_IK_5-6_01_00_26 (Relation: related_to, Knoten: BP2016BW_ALLG_GYM_M_IK_7-8_01_01)
2026-05-26T11:47:10.835529+00:00 WARN target_bp_id nicht aufresoelt: VB_04 (Relation: references, Knoten: BP2016BW_ALLG_GYM_M_IK_7-8_01_04)
2026-05-26T11:47:10.835663+00:00 WARN target_bp_id nicht aufresoelt: MB_08 (Relation: references, Knoten: BP2016BW_ALLG_GYM_M_IK_7-8_01_04)
2026-05-26T11:47:10.835789+00:00 WARN target_bp_id nicht aufresoelt: BP2016BW_ALLG_GYM_M_IK_5-6_04_00_05 (Relation: related_to, Knoten: BP2016BW_ALLG_GYM_M_IK_7-8_01_04)
2026-05-26T11:47:10.836838+00:00 WARN target_bp_id nicht aufresoelt: BP2016BW_ALLG_GYM_M_IK_7-8_04_00_12 (Relation: related_to, Knoten: BP2016BW_ALLG_GYM_M_IK_7-8_01_09)
2026-05-26T11:47:10.837659+00:00 WARN target_bp_id nicht aufresoelt: BP2016BW_ALLG_GYM_M_IK_5-6_01_00_14 (Relation: related_to, Knoten: BP2016BW_ALLG_GYM_M_IK_7-8_01_12)
2026-05-26T11:47:10.840435+00:00 WARN target_bp_id nicht aufresoelt: MB_08 (Relation: references, Knoten: BP2016BW_ALLG_GYM_M_IK_7-8_01_18)
2026-05-26T11:47:10.841767+00:00 WARN target_bp_id nicht aufresoelt: BP2016BW_ALLG_GYM_M_IK_7-8_03_00_12 (Relation: related_to, Knoten: BP2016BW_ALLG_GYM_M_IK_7-8_01_24)
2026-05-26T11:47:10.842426+00:00 WARN target_bp_id nicht aufresoelt: BP2016BW_ALLG_GYM_M_IK_7-8_04_00_01 (Relation: related_to, Knoten: BP2016BW_ALLG_GYM_M_IK_7-8_01_27)
2026-05-26T11:47:10.842727+00:00 WARN target_bp_id nicht aufresoelt: BP2016BW_ALLG_GYM_M_IK_7-8_04_00_08 (Relation: related_to, Knoten: BP2016BW_ALLG_GYM_M_IK_7-8_01_27)
2026-05-26T11:47:10.842848+00:00 WARN target_bp_id nicht aufresoelt: BP2016BW_ALLG_GYM_M_IK_7-8_04_00_05 (Relation: related_to, Knoten: BP2016BW_ALLG_GYM_M_IK_7-8_01_27)
2026-05-26T11:47:10.842965+00:00 WARN target_bp_id nicht aufresoelt: BP2016BW_ALLG_GYM_M_IK_7-8_04_00_09 (Relation: related_to, Knoten: BP2016BW_ALLG_GYM_M_IK_7-8_01_27)
2026-05-26T11:47:10.846807+00:00 WARN target_bp_id nicht aufresoelt: BP2016BW_ALLG_GYM_M_IK_5-6_04_00_07 (Relation: related_to, Knoten: BP2016BW_ALLG_GYM_M_IK_7-8_03_06)
2026-05-26T11:47:10.847619+00:00 WARN target_bp_id nicht aufresoelt: BP2016BW_ALLG_GYM_M_IK_5-6_04_00_08 (Relation: related_to, Knoten: BP2016BW_ALLG_GYM_M_IK_7-8_03_06)
2026-05-26T11:47:10.847738+00:00 WARN target_bp_id nicht aufresoelt: BP2016BW_ALLG_GYM_M_IK_5-6_04_00_05 (Relation: related_to, Knoten: BP2016BW_ALLG_GYM_M_IK_7-8_03_06)
2026-05-26T11:47:10.854940+00:00 WARN target_bp_id nicht aufresoelt: BP2016BW_ALLG_GYM_M_IK_7-8_01_00_19 (Relation: related_to, Knoten: BP2016BW_ALLG_GYM_M_IK_7-8_03_12)
2026-05-26T11:47:10.856646+00:00 WARN target_bp_id nicht aufresoelt: BP2016BW_ALLG_GYM_PH_IK_7-8_06_00 (Relation: related_to, Knoten: BP2016BW_ALLG_GYM_M_IK_7-8_04_01)
2026-05-26T11:47:10.859611+00:00 WARN target_bp_id nicht aufresoelt: BP2016BW_ALLG_GYM_M_IK_7-8_01_00_22 (Relation: related_to, Knoten: BP2016BW_ALLG_GYM_M_IK_7-8_04_14)
2026-05-26T11:47:10.859731+00:00 WARN target_bp_id nicht aufresoelt: BP2016BW_ALLG_GYM_M_IK_7-8_01_00_23 (Relation: related_to, Knoten: BP2016BW_ALLG_GYM_M_IK_7-8_04_14)
2026-05-26T11:47:10.862747+00:00 WARN target_bp_id nicht aufresoelt: MB_05 (Relation: references, Knoten: BP2016BW_ALLG_GYM_M_IK_7-8_05_03)
2026-05-26T11:47:10.863729+00:00 WARN target_bp_id nicht aufresoelt: VB_08 (Relation: references, Knoten: BP2016BW_ALLG_GYM_M_IK_7-8_05_04)
2026-05-26T11:47:10.865214+00:00 WARN target_bp_id nicht aufresoelt: MB_08 (Relation: references, Knoten: BP2016BW_ALLG_GYM_M_IK_7-8_05_08)
2026-05-26T11:47:10.868709+00:00 WARN target_bp_id nicht aufresoelt: BP2016BW_ALLG_GYM_M_IK_9-10_04_00_06 (Relation: related_to, Knoten: BP2016BW_ALLG_GYM_M_IK_9-10_01_08)
2026-05-26T11:47:10.869236+00:00 WARN target_bp_id nicht aufresoelt: BP2016BW_ALLG_GYM_M_IK_9-10_04_00_06 (Relation: related_to, Knoten: BP2016BW_ALLG_GYM_M_IK_9-10_01_09)
2026-05-26T11:47:10.870011+00:00 WARN target_bp_id nicht aufresoelt: VB_04 (Relation: references, Knoten: BP2016BW_ALLG_GYM_M_IK_9-10_01_11)
2026-05-26T11:47:10.870448+00:00 WARN target_bp_id nicht aufresoelt: BP2016BW_ALLG_GYM_M_IK_9-10_04_00_04 (Relation: related_to, Knoten: BP2016BW_ALLG_GYM_M_IK_9-10_01_11)
2026-05-26T11:47:10.870727+00:00 WARN target_bp_id nicht aufresoelt: BP2016BW_ALLG_GYM_M_IK_9-10_04_00_03 (Relation: related_to, Knoten: BP2016BW_ALLG_GYM_M_IK_9-10_01_11)
2026-05-26T11:47:10.871005+00:00 WARN target_bp_id nicht aufresoelt: BP2016BW_ALLG_GYM_M_IK_9-10_03_00_12 (Relation: related_to, Knoten: BP2016BW_ALLG_GYM_M_IK_9-10_01_12)
2026-05-26T11:47:10.871136+00:00 WARN target_bp_id nicht aufresoelt: BP2016BW_ALLG_GYM_M_IK_9-10_03_00_11 (Relation: related_to, Knoten: BP2016BW_ALLG_GYM_M_IK_9-10_01_12)
2026-05-26T11:47:10.871246+00:00 WARN target_bp_id nicht aufresoelt: BP2016BW_ALLG_GYM_M_IK_9-10_03_00_08 (Relation: related_to, Knoten: BP2016BW_ALLG_GYM_M_IK_9-10_01_12)
2026-05-26T11:47:10.871583+00:00 WARN target_bp_id nicht aufresoelt: BP2016BW_ALLG_GYM_M_IK_9-10_04_00_20 (Relation: related_to, Knoten: BP2016BW_ALLG_GYM_M_IK_9-10_01_13)
2026-05-26T11:47:10.871973+00:00 WARN target_bp_id nicht aufresoelt: BP2016BW_ALLG_GYM_PH_IK_11-12-BF-QUANTEN_03_00 (Relation: related_to, Knoten: BP2016BW_ALLG_GYM_M_IK_9-10_01_14)
2026-05-26T11:47:10.872218+00:00 WARN target_bp_id nicht aufresoelt: BP2016BW_ALLG_GYM_PH_IK_11-12-LF_03_00 (Relation: related_to, Knoten: BP2016BW_ALLG_GYM_M_IK_9-10_01_14)
2026-05-26T11:47:10.872336+00:00 WARN target_bp_id nicht aufresoelt: BP2016BW_ALLG_GYM_M_IK_9-10_04_00_24 (Relation: related_to, Knoten: BP2016BW_ALLG_GYM_M_IK_9-10_01_14)
2026-05-26T11:47:10.872455+00:00 WARN target_bp_id nicht aufresoelt: BP2016BW_ALLG_GYM_M_IK_9-10_04_00_23 (Relation: related_to, Knoten: BP2016BW_ALLG_GYM_M_IK_9-10_01_14)
2026-05-26T11:47:10.880587+00:00 WARN target_bp_id nicht aufresoelt: BP2016BW_ALLG_GYM_M_IK_7-8_01_00_10 (Relation: related_to, Knoten: BP2016BW_ALLG_GYM_M_IK_9-10_03_06)
2026-05-26T11:47:10.884645+00:00 WARN target_bp_id nicht aufresoelt: BP2016BW_ALLG_GYM_M_IK_9-10_01_00_06 (Relation: related_to, Knoten: BP2016BW_ALLG_GYM_M_IK_9-10_04_04)
2026-05-26T11:47:10.884949+00:00 WARN target_bp_id nicht aufresoelt: BNE_04 (Relation: references, Knoten: BP2016BW_ALLG_GYM_M_IK_9-10_04_04)
2026-05-26T11:47:10.885059+00:00 WARN target_bp_id nicht aufresoelt: BP2016BW_ALLG_GYM_M_IK_9-10_01_00_05 (Relation: related_to, Knoten: BP2016BW_ALLG_GYM_M_IK_9-10_04_04)
2026-05-26T11:47:10.885190+00:00 WARN target_bp_id nicht aufresoelt: BP2016BW_ALLG_GYM_M_IK_9-10_01_00_07 (Relation: related_to, Knoten: BP2016BW_ALLG_GYM_M_IK_9-10_04_04)
2026-05-26T11:47:10.885303+00:00 WARN target_bp_id nicht aufresoelt: BP2016BW_ALLG_GYM_PH_IK_11-12-LF_02_01_07 (Relation: related_to, Knoten: BP2016BW_ALLG_GYM_M_IK_9-10_04_04)
2026-05-26T11:47:10.885436+00:00 WARN target_bp_id nicht aufresoelt: BP2016BW_ALLG_GYM_PH_IK_11-12-LF_02_03_05 (Relation: related_to, Knoten: BP2016BW_ALLG_GYM_M_IK_9-10_04_04)
2026-05-26T11:47:10.886711+00:00 WARN target_bp_id nicht aufresoelt: BP2016BW_ALLG_GYM_M_IK_9-10_01_00_09 (Relation: related_to, Knoten: BP2016BW_ALLG_GYM_M_IK_9-10_04_06)
2026-05-26T11:47:10.886840+00:00 WARN target_bp_id nicht aufresoelt: BP2016BW_ALLG_GYM_M_IK_7-8_01_00_22 (Relation: related_to, Knoten: BP2016BW_ALLG_GYM_M_IK_9-10_04_06)
2026-05-26T11:47:10.886955+00:00 WARN target_bp_id nicht aufresoelt: BP2016BW_ALLG_GYM_M_IK_7-8_01_00_21 (Relation: related_to, Knoten: BP2016BW_ALLG_GYM_M_IK_9-10_04_06)
2026-05-26T11:47:10.887080+00:00 WARN target_bp_id nicht aufresoelt: BP2016BW_ALLG_GYM_M_IK_9-10_01_00_08 (Relation: related_to, Knoten: BP2016BW_ALLG_GYM_M_IK_9-10_04_06)
2026-05-26T11:47:10.887356+00:00 WARN target_bp_id nicht aufresoelt: BP2016BW_ALLG_GYM_M_IK_7-8_04_00_14 (Relation: related_to, Knoten: BP2016BW_ALLG_GYM_M_IK_9-10_04_07)
2026-05-26T11:47:10.887472+00:00 WARN target_bp_id nicht aufresoelt: BP2016BW_ALLG_GYM_M_IK_7-8_04_00_13 (Relation: related_to, Knoten: BP2016BW_ALLG_GYM_M_IK_9-10_04_07)
2026-05-26T11:47:10.888038+00:00 WARN target_bp_id nicht aufresoelt: BP2016BW_ALLG_GYM_PH_IK_11-12-BF-QUANTEN_03_00 (Relation: related_to, Knoten: BP2016BW_ALLG_GYM_M_IK_9-10_04_09)
2026-05-26T11:47:10.888260+00:00 WARN target_bp_id nicht aufresoelt: BP2016BW_ALLG_GYM_PH_IK_11-12-BF-QUANTEN_04_00 (Relation: related_to, Knoten: BP2016BW_ALLG_GYM_M_IK_9-10_04_09)
2026-05-26T11:47:10.888498+00:00 WARN target_bp_id nicht aufresoelt: BP2016BW_ALLG_GYM_PH_IK_11-12-LF_03_00 (Relation: related_to, Knoten: BP2016BW_ALLG_GYM_M_IK_9-10_04_09)
2026-05-26T11:47:10.888734+00:00 WARN target_bp_id nicht aufresoelt: BP2016BW_ALLG_GYM_PH_IK_11-12-LF_04_00 (Relation: related_to, Knoten: BP2016BW_ALLG_GYM_M_IK_9-10_04_09)
2026-05-26T11:47:10.891344+00:00 WARN target_bp_id nicht aufresoelt: BP2016BW_ALLG_GYM_M_IK_9-10_01_00_13 (Relation: related_to, Knoten: BP2016BW_ALLG_GYM_M_IK_9-10_04_20)
2026-05-26T11:47:10.892627+00:00 WARN target_bp_id nicht aufresoelt: BP2016BW_ALLG_GYM_M_IK_9-10_01_00_14 (Relation: related_to, Knoten: BP2016BW_ALLG_GYM_M_IK_9-10_04_24)
2026-05-26T11:47:10.896432+00:00 WARN target_bp_id nicht aufresoelt: BP2016BW_ALLG_GYM_M_IK_11-12-LF_04_00_01 (Relation: related_to, Knoten: BP2016BW_ALLG_GYM_M_IK_11-12-LF_01_01)
2026-05-26T11:47:10.897986+00:00 WARN target_bp_id nicht aufresoelt: BP2016BW_ALLG_GYM_M_IK_9-10_01_00_13 (Relation: related_to, Knoten: BP2016BW_ALLG_GYM_M_IK_11-12-LF_01_04)
2026-05-26T11:47:10.898597+00:00 WARN target_bp_id nicht aufresoelt: BP2016BW_ALLG_GYM_M_IK_11-12-LF_02_00_09 (Relation: related_to, Knoten: BP2016BW_ALLG_GYM_M_IK_11-12-LF_01_07)
2026-05-26T11:47:10.898709+00:00 WARN target_bp_id nicht aufresoelt: BP2016BW_ALLG_GYM_M_IK_11-12-LF_04_00_13 (Relation: related_to, Knoten: BP2016BW_ALLG_GYM_M_IK_11-12-LF_01_07)
2026-05-26T11:47:10.898823+00:00 WARN target_bp_id nicht aufresoelt: BP2016BW_ALLG_GYM_M_IK_11-12-LF_02_00_10 (Relation: related_to, Knoten: BP2016BW_ALLG_GYM_M_IK_11-12-LF_01_07)
2026-05-26T11:47:10.898947+00:00 WARN target_bp_id nicht aufresoelt: BP2016BW_ALLG_GYM_M_IK_11-12-LF_02_00_07 (Relation: related_to, Knoten: BP2016BW_ALLG_GYM_M_IK_11-12-LF_01_07)
2026-05-26T11:47:10.899071+00:00 WARN target_bp_id nicht aufresoelt: BP2016BW_ALLG_GYM_M_IK_11-12-LF_04_00_14 (Relation: related_to, Knoten: BP2016BW_ALLG_GYM_M_IK_11-12-LF_01_07)
2026-05-26T11:47:10.899201+00:00 WARN target_bp_id nicht aufresoelt: BP2016BW_ALLG_GYM_M_IK_11-12-LF_04_00_15 (Relation: related_to, Knoten: BP2016BW_ALLG_GYM_M_IK_11-12-LF_01_07)
2026-05-26T11:47:10.899325+00:00 WARN target_bp_id nicht aufresoelt: BP2016BW_ALLG_GYM_M_IK_11-12-LF_04_00_12 (Relation: related_to, Knoten: BP2016BW_ALLG_GYM_M_IK_11-12-LF_01_07)
2026-05-26T11:47:10.899948+00:00 WARN target_bp_id nicht aufresoelt: BP2016BW_ALLG_GYM_M_IK_11-12-LF_02_00_03 (Relation: related_to, Knoten: BP2016BW_ALLG_GYM_M_IK_11-12-LF_01_10)
2026-05-26T11:47:10.900068+00:00 WARN target_bp_id nicht aufresoelt: BP2016BW_ALLG_GYM_M_IK_11-12-LF_02_00_02 (Relation: related_to, Knoten: BP2016BW_ALLG_GYM_M_IK_11-12-LF_01_10)
2026-05-26T11:47:10.900180+00:00 WARN target_bp_id nicht aufresoelt: BP2016BW_ALLG_GYM_M_IK_11-12-LF_03_00_01 (Relation: related_to, Knoten: BP2016BW_ALLG_GYM_M_IK_11-12-LF_01_10)
2026-05-26T11:47:10.900293+00:00 WARN target_bp_id nicht aufresoelt: BP2016BW_ALLG_GYM_M_IK_11-12-LF_02_00_06 (Relation: related_to, Knoten: BP2016BW_ALLG_GYM_M_IK_11-12-LF_01_10)
2026-05-26T11:47:10.900402+00:00 WARN target_bp_id nicht aufresoelt: BP2016BW_ALLG_GYM_M_IK_11-12-LF_02_00_01 (Relation: related_to, Knoten: BP2016BW_ALLG_GYM_M_IK_11-12-LF_01_10)
2026-05-26T11:47:10.900516+00:00 WARN target_bp_id nicht aufresoelt: BP2016BW_ALLG_GYM_M_IK_11-12-LF_03_00_02 (Relation: related_to, Knoten: BP2016BW_ALLG_GYM_M_IK_11-12-LF_01_10)
2026-05-26T11:47:10.900631+00:00 WARN target_bp_id nicht aufresoelt: BP2016BW_ALLG_GYM_M_IK_11-12-LF_03_00_08 (Relation: related_to, Knoten: BP2016BW_ALLG_GYM_M_IK_11-12-LF_01_10)
2026-05-26T11:47:10.902824+00:00 WARN target_bp_id nicht aufresoelt: BP2016BW_ALLG_GYM_M_IK_11-12-LF_01_00_09 (Relation: related_to, Knoten: BP2016BW_ALLG_GYM_M_IK_11-12-LF_02_03)
2026-05-26T11:47:10.902937+00:00 WARN target_bp_id nicht aufresoelt: BP2016BW_ALLG_GYM_M_IK_11-12-LF_03_00_06 (Relation: related_to, Knoten: BP2016BW_ALLG_GYM_M_IK_11-12-LF_02_03)
2026-05-26T11:47:10.903751+00:00 WARN target_bp_id nicht aufresoelt: BP2016BW_ALLG_GYM_M_IK_11-12-LF_03_00_07 (Relation: related_to, Knoten: BP2016BW_ALLG_GYM_M_IK_11-12-LF_02_05)
2026-05-26T11:47:10.904698+00:00 WARN target_bp_id nicht aufresoelt: BP2016BW_ALLG_GYM_M_IK_11-12-LF_01_00_10 (Relation: related_to, Knoten: BP2016BW_ALLG_GYM_M_IK_11-12-LF_02_06)
2026-05-26T11:47:10.904991+00:00 WARN target_bp_id nicht aufresoelt: BP2016BW_ALLG_GYM_M_IK_11-12-LF_01_00_07 (Relation: related_to, Knoten: BP2016BW_ALLG_GYM_M_IK_11-12-LF_02_07)
2026-05-26T11:47:10.914304+00:00 WARN target_bp_id nicht aufresoelt: BP2016BW_ALLG_GYM_M_IK_11-12-LF_01_00_01 (Relation: related_to, Knoten: BP2016BW_ALLG_GYM_M_IK_11-12-LF_04_01)
2026-05-26T11:47:10.914598+00:00 WARN target_bp_id nicht aufresoelt: BP2016BW_ALLG_GYM_CH_IK_11-12-BF_01_00_09 (Relation: related_to, Knoten: BP2016BW_ALLG_GYM_M_IK_11-12-LF_04_02)
2026-05-26T11:47:10.914710+00:00 WARN target_bp_id nicht aufresoelt: BP2016BW_ALLG_GYM_CH_IK_11-12-LF_03_00_05 (Relation: related_to, Knoten: BP2016BW_ALLG_GYM_M_IK_11-12-LF_04_02)
2026-05-26T11:47:10.914820+00:00 WARN target_bp_id nicht aufresoelt: BP2016BW_ALLG_GYM_CH_IK_11-12-LF_03_00_07 (Relation: related_to, Knoten: BP2016BW_ALLG_GYM_M_IK_11-12-LF_04_02)
2026-05-26T11:47:10.915971+00:00 WARN target_bp_id nicht aufresoelt: BP2016BW_ALLG_GYM_M_IK_11-12-LF_01_00_03 (Relation: related_to, Knoten: BP2016BW_ALLG_GYM_M_IK_11-12-LF_04_08)
2026-05-26T11:47:10.916085+00:00 WARN target_bp_id nicht aufresoelt: BP2016BW_ALLG_GYM_M_IK_11-12-LF_01_00_04 (Relation: related_to, Knoten: BP2016BW_ALLG_GYM_M_IK_11-12-LF_04_08)
2026-05-26T11:47:10.917420+00:00 WARN target_bp_id nicht aufresoelt: BP2016BW_ALLG_GYM_M_IK_11-12-LF_02_00_07 (Relation: related_to, Knoten: BP2016BW_ALLG_GYM_M_IK_11-12-LF_04_14)
2026-05-26T11:47:10.922473+00:00 WARN target_bp_id nicht aufresoelt: VB_05 (Relation: references, Knoten: BP2016BW_ALLG_GYM_M_IK_11-12-LF_05_07)
2026-05-26T11:47:10.923949+00:00 WARN target_bp_id nicht aufresoelt: BP2016BW_ALLG_GYM_M_IK_9-10_01_00_07 (Relation: related_to, Knoten: BP2016BW_ALLG_GYM_M_IK_11-12-BF_01_01)
2026-05-26T11:47:10.924404+00:00 WARN target_bp_id nicht aufresoelt: BP2016BW_ALLG_GYM_M_IK_9-10_01_00_13 (Relation: related_to, Knoten: BP2016BW_ALLG_GYM_M_IK_11-12-BF_01_03)
2026-05-26T11:47:10.925003+00:00 WARN target_bp_id nicht aufresoelt: BP2016BW_ALLG_GYM_M_IK_11-12-BF_02_00_07 (Relation: related_to, Knoten: BP2016BW_ALLG_GYM_M_IK_11-12-BF_01_06)
2026-05-26T11:47:10.925116+00:00 WARN target_bp_id nicht aufresoelt: BP2016BW_ALLG_GYM_M_IK_11-12-BF_04_00_09 (Relation: related_to, Knoten: BP2016BW_ALLG_GYM_M_IK_11-12-BF_01_06)
2026-05-26T11:47:10.925242+00:00 WARN target_bp_id nicht aufresoelt: BP2016BW_ALLG_GYM_M_IK_11-12-BF_02_00_06 (Relation: related_to, Knoten: BP2016BW_ALLG_GYM_M_IK_11-12-BF_01_06)
2026-05-26T11:47:10.925355+00:00 WARN target_bp_id nicht aufresoelt: BP2016BW_ALLG_GYM_M_IK_11-12-BF_04_00_10 (Relation: related_to, Knoten: BP2016BW_ALLG_GYM_M_IK_11-12-BF_01_06)
2026-05-26T11:47:10.925469+00:00 WARN target_bp_id nicht aufresoelt: BP2016BW_ALLG_GYM_M_IK_11-12-BF_04_00_11 (Relation: related_to, Knoten: BP2016BW_ALLG_GYM_M_IK_11-12-BF_01_06)
2026-05-26T11:47:10.925596+00:00 WARN target_bp_id nicht aufresoelt: BP2016BW_ALLG_GYM_M_IK_11-12-BF_04_00_08 (Relation: related_to, Knoten: BP2016BW_ALLG_GYM_M_IK_11-12-BF_01_06)
2026-05-26T11:47:10.926066+00:00 WARN target_bp_id nicht aufresoelt: BP2016BW_ALLG_GYM_M_IK_11-12-BF_02_00_03 (Relation: related_to, Knoten: BP2016BW_ALLG_GYM_M_IK_11-12-BF_01_08)
2026-05-26T11:47:10.926179+00:00 WARN target_bp_id nicht aufresoelt: BP2016BW_ALLG_GYM_M_IK_11-12-BF_02_00_02 (Relation: related_to, Knoten: BP2016BW_ALLG_GYM_M_IK_11-12-BF_01_08)
2026-05-26T11:47:10.926292+00:00 WARN target_bp_id nicht aufresoelt: BP2016BW_ALLG_GYM_M_IK_11-12-BF_03_00_01 (Relation: related_to, Knoten: BP2016BW_ALLG_GYM_M_IK_11-12-BF_01_08)
2026-05-26T11:47:10.926410+00:00 WARN target_bp_id nicht aufresoelt: BP2016BW_ALLG_GYM_M_IK_11-12-BF_02_00_05 (Relation: related_to, Knoten: BP2016BW_ALLG_GYM_M_IK_11-12-BF_01_08)
2026-05-26T11:47:10.926541+00:00 WARN target_bp_id nicht aufresoelt: BP2016BW_ALLG_GYM_M_IK_11-12-BF_02_00_01 (Relation: related_to, Knoten: BP2016BW_ALLG_GYM_M_IK_11-12-BF_01_08)
2026-05-26T11:47:10.926650+00:00 WARN target_bp_id nicht aufresoelt: BP2016BW_ALLG_GYM_M_IK_11-12-BF_03_00_02 (Relation: related_to, Knoten: BP2016BW_ALLG_GYM_M_IK_11-12-BF_01_08)
2026-05-26T11:47:10.928454+00:00 WARN target_bp_id nicht aufresoelt: BP2016BW_ALLG_GYM_M_IK_11-12-BF_01_00_07 (Relation: related_to, Knoten: BP2016BW_ALLG_GYM_M_IK_11-12-BF_02_03)
2026-05-26T11:47:10.928580+00:00 WARN target_bp_id nicht aufresoelt: BP2016BW_ALLG_GYM_M_IK_11-12-BF_03_00_06 (Relation: related_to, Knoten: BP2016BW_ALLG_GYM_M_IK_11-12-BF_02_03)
2026-05-26T11:47:10.928693+00:00 WARN target_bp_id nicht aufresoelt: BP2016BW_ALLG_GYM_M_IK_11-12-BF_03_00_07 (Relation: related_to, Knoten: BP2016BW_ALLG_GYM_M_IK_11-12-BF_02_03)
2026-05-26T11:47:10.929324+00:00 WARN target_bp_id nicht aufresoelt: BP2016BW_ALLG_GYM_M_IK_11-12-BF_03_00_08 (Relation: related_to, Knoten: BP2016BW_ALLG_GYM_M_IK_11-12-BF_02_04)
2026-05-26T11:47:10.930297+00:00 WARN target_bp_id nicht aufresoelt: BP2016BW_ALLG_GYM_M_IK_11-12-BF_01_00_08 (Relation: related_to, Knoten: BP2016BW_ALLG_GYM_M_IK_11-12-BF_02_05)
2026-05-26T11:47:10.930585+00:00 WARN target_bp_id nicht aufresoelt: BP2016BW_ALLG_GYM_M_IK_11-12-BF_01_00_06 (Relation: related_to, Knoten: BP2016BW_ALLG_GYM_M_IK_11-12-BF_02_06)
2026-05-26T11:47:10.930703+00:00 WARN target_bp_id nicht aufresoelt: BP2016BW_ALLG_GYM_M_IK_9-10_02_00_01 (Relation: related_to, Knoten: BP2016BW_ALLG_GYM_M_IK_11-12-BF_02_06)
2026-05-26T11:47:10.936719+00:00 WARN target_bp_id nicht aufresoelt: BP2016BW_ALLG_GYM_M_IK_11-12-BF_01_00_03 (Relation: related_to, Knoten: BP2016BW_ALLG_GYM_M_IK_11-12-BF_04_05)
2026-05-26T11:47:10.936830+00:00 WARN target_bp_id nicht aufresoelt: BP2016BW_ALLG_GYM_M_IK_11-12-BF_01_00_02 (Relation: related_to, Knoten: BP2016BW_ALLG_GYM_M_IK_11-12-BF_04_05)
2026-05-26T11:47:10.938000+00:00 WARN target_bp_id nicht aufresoelt: BP2016BW_ALLG_GYM_M_IK_11-12-BF_02_00_06 (Relation: related_to, Knoten: BP2016BW_ALLG_GYM_M_IK_11-12-BF_04_10)
2026-05-26T11:47:10.952260+00:00 WARN target_bp_id nicht aufresoelt: VB_07 (Relation: references, Knoten: BP2016BW_ALLG_GYM_M.V2_IK_5-6_04_05)
2026-05-26T11:47:10.953405+00:00 WARN target_bp_id nicht aufresoelt: MB_05 (Relation: references, Knoten: BP2016BW_ALLG_GYM_M.V2_IK_5-6_05_03)
2026-05-26T11:47:10.954385+00:00 WARN target_bp_id nicht aufresoelt: VB_08 (Relation: references, Knoten: BP2016BW_ALLG_GYM_M.V2_IK_5-6_05_08)
2026-05-26T11:47:10.954669+00:00 WARN target_bp_id nicht aufresoelt: BNE_05 (Relation: references, Knoten: BP2016BW_ALLG_GYM_M.V2_IK_5-6_05_08)
2026-05-26T11:47:10.955819+00:00 WARN target_bp_id nicht aufresoelt: VB_04 (Relation: references, Knoten: BP2016BW_ALLG_GYM_M.V2_IK_7-8_01_04)
2026-05-26T11:47:10.955946+00:00 WARN target_bp_id nicht aufresoelt: MB_08 (Relation: references, Knoten: BP2016BW_ALLG_GYM_M.V2_IK_7-8_01_04)
2026-05-26T11:47:10.958634+00:00 WARN target_bp_id nicht aufresoelt: MB_08 (Relation: references, Knoten: BP2016BW_ALLG_GYM_M.V2_IK_7-8_01_19)
2026-05-26T11:47:10.966178+00:00 WARN target_bp_id nicht aufresoelt: VB_08 (Relation: references, Knoten: BP2016BW_ALLG_GYM_M.V2_IK_7-8_05_03)
2026-05-26T11:47:10.967135+00:00 WARN target_bp_id nicht aufresoelt: MB_08 (Relation: references, Knoten: BP2016BW_ALLG_GYM_M.V2_IK_7-8_05_07)
2026-05-26T11:47:10.970418+00:00 WARN target_bp_id nicht aufresoelt: VB_04 (Relation: references, Knoten: BP2016BW_ALLG_GYM_M.V2_IK_9-10_01_10)
2026-05-26T11:47:10.976426+00:00 WARN target_bp_id nicht aufresoelt: BNE_04 (Relation: references, Knoten: BP2016BW_ALLG_GYM_M.V2_IK_9-10_04_05)
2026-05-26T11:47:10.976543+00:00 WARN target_bp_id nicht aufresoelt: PG_04 (Relation: references, Knoten: BP2016BW_ALLG_GYM_M.V2_IK_9-10_04_05)
2026-05-26T11:47:10.993436+00:00 WARN target_bp_id nicht aufresoelt: VB_05 (Relation: references, Knoten: BP2016BW_ALLG_GYM_M.V2_IK_11-12-LF_05_07)
